<?xml version="1.0" encoding="UTF-8"?>
<testsuite xmlns:xsi="http://www.w3.org/2001/XMLSchema-instance" xsi:noNamespaceSchemaLocation="https://maven.apache.org/surefire/maven-surefire-plugin/xsd/surefire-test-report-3.0.xsd" version="3.0" name="implementaciones.DoubleLinkedListTest" time="0.079" tests="16" errors="0" skipped="0" failures="0">
  <properties>
    <property name="java.specification.version" value="23"/>
    <property name="sun.cpu.isalist" value="amd64"/>
    <property name="sun.jnu.encoding" value="Cp1252"/>
    <property name="java.class.path" value="C:\Users\luisc\OneDrive\Documents\xd\Asignacion06_268712\target\test-classes;C:\Users\luisc\OneDrive\Documents\xd\Asignacion06_268712\target\classes;C:\Users\luisc\.m2\repository\org\junit\jupiter\junit-jupiter-api\5.13.0-M3\junit-jupiter-api-5.13.0-M3.jar;C:\Users\luisc\.m2\repository\org\opentest4j\opentest4j\1.3.0\opentest4j-1.3.0.jar;C:\Users\luisc\.m2\repository\org\junit\platform\junit-platform-commons\1.13.0-M3\junit-platform-commons-1.13.0-M3.jar;C:\Users\luisc\.m2\repository\org\apiguardian\apiguardian-api\1.1.2\apiguardian-api-1.1.2.jar;"/>
    <property name="java.vm.vendor" value="Oracle Corporation"/>
    <property name="sun.arch.data.model" value="64"/>
    <property name="user.variant" value=""/>
    <property name="java.vendor.url" value="https://java.oracle.com/"/>
    <property name="user.timezone" value="America/Hermosillo"/>
    <property name="os.name" value="Windows 11"/>
    <property name="java.vm.specification.version" value="23"/>
    <property name="user.country" value="MX"/>
    <property name="sun.java.launcher" value="SUN_STANDARD"/>
    <property name="sun.boot.library.path" value="C:\Program Files\Java\jdk-23\bin"/>
    <property name="sun.java.command" value="C:\Users\luisc\AppData\Local\Temp\surefire17369160887130838891\surefirebooter-20251007220822583_3.jar C:\Users\luisc\AppData\Local\Temp\surefire17369160887130838891 2025-10-07T22-08-22_434-jvmRun1 surefire-20251007220822583_1tmp surefire_0-20251007220822583_2tmp"/>
    <property name="jdk.debug" value="release"/>
    <property name="surefire.test.class.path" value="C:\Users\luisc\OneDrive\Documents\xd\Asignacion06_268712\target\test-classes;C:\Users\luisc\OneDrive\Documents\xd\Asignacion06_268712\target\classes;C:\Users\luisc\.m2\repository\org\junit\jupiter\junit-jupiter-api\5.13.0-M3\junit-jupiter-api-5.13.0-M3.jar;C:\Users\luisc\.m2\repository\org\opentest4j\opentest4j\1.3.0\opentest4j-1.3.0.jar;C:\Users\luisc\.m2\repository\org\junit\platform\junit-platform-commons\1.13.0-M3\junit-platform-commons-1.13.0-M3.jar;C:\Users\luisc\.m2\repository\org\apiguardian\apiguardian-api\1.1.2\apiguardian-api-1.1.2.jar;"/>
    <property name="sun.cpu.endian" value="little"/>
    <property name="user.home" value="C:\Users\luisc"/>
    <property name="user.language" value="es"/>
    <property name="java.specification.vendor" value="Oracle Corporation"/>
    <property name="java.version.date" value="2025-01-21"/>
    <property name="java.home" value="C:\Program Files\Java\jdk-23"/>
    <property name="file.separator" value="\"/>
    <property name="basedir" value="C:\Users\luisc\OneDrive\Documents\xd\Asignacion06_268712"/>
    <property name="java.vm.compressedOopsMode" value="Zero based"/>
    <property name="line.separator" value="&#10;"/>
    <property name="java.vm.specification.vendor" value="Oracle Corporation"/>
    <property name="java.specification.name" value="Java Platform API Specification"/>
    <property name="surefire.real.class.path" value="C:\Users\luisc\AppData\Local\Temp\surefire17369160887130838891\surefirebooter-20251007220822583_3.jar"/>
    <property name="user.script" value=""/>
    <property name="sun.management.compiler" value="HotSpot 64-Bit Tiered Compilers"/>
    <property name="java.runtime.version" value="23.0.2+7-58"/>
    <property name="user.name" value="luisc"/>
    <property name="stdout.encoding" value="Cp1252"/>
    <property name="path.separator" value=";"/>
    <property name="os.version" value="10.0"/>
    <property name="java.runtime.name" value="Java(TM) SE Runtime Environment"/>
    <property name="file.encoding" value="UTF-8"/>
    <property name="java.vm.name" value="Java HotSpot(TM) 64-Bit Server VM"/>
    <property name="maven.ext.class.path" value="C:\Program Files\NetBeans-24\netbeans\java\maven-nblib\netbeans-eventspy.jar"/>
    <property name="localRepository" value="C:\Users\luisc\.m2\repository"/>
    <property name="java.vendor.url.bug" value="https://bugreport.java.com/bugreport/"/>
    <property name="java.io.tmpdir" value="C:\Users\luisc\AppData\Local\Temp\"/>
    <property name="java.version" value="23.0.2"/>
    <property name="user.dir" value="C:\Users\luisc\OneDrive\Documents\xd\Asignacion06_268712"/>
    <property name="os.arch" value="amd64"/>
    <property name="java.vm.specification.name" value="Java Virtual Machine Specification"/>
    <property name="sun.os.patch.level" value=""/>
    <property name="native.encoding" value="Cp1252"/>
    <property name="java.library.path" value="C:\Program Files\Java\jdk-23\bin;C:\Windows\Sun\Java\bin;C:\Windows\system32;C:\Windows;C:\Program Files\Common Files\Oracle\Java\javapath;C:\Program Files (x86)\Common Files\Oracle\Java\java8path;C:\Program Files (x86)\Common Files\Oracle\Java\javapath;C:\Python312\Scripts\;C:\Python312\;C:\Windows\system32;C:\Windows;C:\Windows\System32\Wbem;C:\Windows\System32\WindowsPowerShell\v1.0\;C:\Windows\System32\OpenSSH\;C:\Program Files\nodejs\;C:\ProgramData\chocolatey\bin;C:\Program Files\dotnet\;C:\Program Files\Cloudflare\Cloudflare WARP\;C:\Program Files (x86)\Microsoft SQL Server\160\Tools\Binn\;C:\Program Files\Microsoft SQL Server\160\Tools\Binn\;C:\Program Files\Microsoft SQL Server\Client SDK\ODBC\170\Tools\Binn\;C:\Program Files\Microsoft SQL Server\160\DTS\Binn\;C:\Program Files\Java\jdk-24\bin;C:\Users\luisc\AppData\Local\Microsoft\WindowsApps;C:\Users\luisc\AppData\Local\Programs\Microsoft VS Code\bin;C:\Users\luisc\AppData\Roaming\npm;C:\Users\luisc\AppData\Local\Microsoft\WinGet\Packages\Schniz.fnm_Microsoft.Winget.Source_8wekyb3d8bbwe;;."/>
    <property name="java.vm.info" value="mixed mode, sharing"/>
    <property name="stderr.encoding" value="Cp1252"/>
    <property name="java.vendor" value="Oracle Corporation"/>
    <property name="java.vm.version" value="23.0.2+7-58"/>
    <property name="sun.io.unicode.encoding" value="UnicodeLittle"/>
    <property name="java.class.version" value="67.0"/>
  </properties>
  <testcase name="testIterator_String" classname="implementaciones.DoubleLinkedListTest" time="0.028">
    <system-out><![CDATA[Prueba del metodo iterator(), de la clase DoubleLinkedList<String>
]]></system-out>
  </testcase>
  <testcase name="testToString_String" classname="implementaciones.DoubleLinkedListTest" time="0.002">
    <system-out><![CDATA[Prueba del metodo toString(), de la clase DoubleLinkedList<String>
]]></system-out>
  </testcase>
  <testcase name="testRemove_int_Integer" classname="implementaciones.DoubleLinkedListTest" time="0.004">
    <system-out><![CDATA[Prueba del metodo remove(), de la clase DoubleLinkedList<Integer>
]]></system-out>
  </testcase>
  <testcase name="testGet_Integer" classname="implementaciones.DoubleLinkedListTest" time="0.002">
    <system-out><![CDATA[Prueba del metodo get(), de la clase DoubleLinkedList<Integer>
]]></system-out>
  </testcase>
  <testcase name="testToString_Integer" classname="implementaciones.DoubleLinkedListTest" time="0.001">
    <system-out><![CDATA[Prueba del metodo toString(), de la clase DoubleLinkedList<Integer>
]]></system-out>
  </testcase>
  <testcase name="testSize_String" classname="implementaciones.DoubleLinkedListTest" time="0.001">
    <system-out><![CDATA[Prueba del metodo size(), de la clase DoubleLinkedList<String>
]]></system-out>
  </testcase>
  <testcase name="testGet_String" classname="implementaciones.DoubleLinkedListTest" time="0.002">
    <system-out><![CDATA[Prueba del metodo get(), de la clase DoubleLinkedList<String>
]]></system-out>
  </testcase>
  <testcase name="testRemove_int_String" classname="implementaciones.DoubleLinkedListTest" time="0.002">
    <system-out><![CDATA[Prueba del metodo remove(), de la clase DoubleLinkedList<String>
]]></system-out>
  </testcase>
  <testcase name="testAppend_Integer" classname="implementaciones.DoubleLinkedListTest" time="0.001">
    <system-out><![CDATA[Prueba del metodo append(), de la clase DoubleLinkedList<Integer>
]]></system-out>
  </testcase>
  <testcase name="testIterator_Integer" classname="implementaciones.DoubleLinkedListTest" time="0.001">
    <system-out><![CDATA[Prueba del metodo iterator(), de la clase DoubleLinkedList<Integer>
]]></system-out>
  </testcase>
  <testcase name="testEmpty_String" classname="implementaciones.DoubleLinkedListTest" time="0.001">
    <system-out><![CDATA[Prueba del metodo empty(), de la clase DoubleLinkedList<String>
]]></system-out>
  </testcase>
  <testcase name="testSize_Integer" classname="implementaciones.DoubleLinkedListTest" time="0.0">
    <system-out><![CDATA[Prueba del metodo size(), de la clase DoubleLinkedList<Integer>
]]></system-out>
  </testcase>
  <testcase name="testEmpty_Integer" classname="implementaciones.DoubleLinkedListTest" time="0.001">
    <system-out><![CDATA[Prueba del metodo empty(), de la clase DoubleLinkedList<Integer>
]]></system-out>
  </testcase>
  <testcase name="testInsert_String" classname="implementaciones.DoubleLinkedListTest" time="0.001">
    <system-out><![CDATA[Prueba del metodo insert(), de la clase DoubleLinkedList, de la clase DoubleLinkedList<String>
]]></system-out>
  </testcase>
  <testcase name="testAppend_String" classname="implementaciones.DoubleLinkedListTest" time="0.0">
    <system-out><![CDATA[Prueba del metodo append(), de la clase DoubleLinkedList<String>
]]></system-out>
  </testcase>
  <testcase name="testInsert_Integer" classname="implementaciones.DoubleLinkedListTest" time="0.0">
    <system-out><![CDATA[Prueba del metodo insert(), de la clase DoubleLinkedList, de la clase DoubleLinkedList<Integer>
]]></system-out>
  </testcase>
</testsuite>